<?xml version="1.0" encoding="UTF-8" ?>
<testsuite failures="0" time="0.062" errors="0" skipped="0" tests="10" name="com.bemach.labguide.lab2.MultipleOfThreeAndFiveUseParameterizedTest">
  <properties>
    <property name="java.runtime.name" value="Java(TM) SE Runtime Environment"/>
    <property name="sun.boot.library.path" value="C:\csd2015\bin\jdk1.7.0_51\jre\bin"/>
    <property name="java.vm.version" value="24.51-b03"/>
    <property name="java.vm.vendor" value="Oracle Corporation"/>
    <property name="java.vendor.url" value="http://java.oracle.com/"/>
    <property name="path.separator" value=";"/>
    <property name="java.vm.name" value="Java HotSpot(TM) 64-Bit Server VM"/>
    <property name="file.encoding.pkg" value="sun.io"/>
    <property name="user.script" value=""/>
    <property name="user.country" value="US"/>
    <property name="sun.java.launcher" value="SUN_STANDARD"/>
    <property name="sun.os.patch.level" value=""/>
    <property name="java.vm.specification.name" value="Java Virtual Machine Specification"/>
    <property name="user.dir" value="C:\csd2015\java-ws\lab2_sol"/>
    <property name="java.runtime.version" value="1.7.0_51-b13"/>
    <property name="java.awt.graphicsenv" value="sun.awt.Win32GraphicsEnvironment"/>
    <property name="basedir" value="C:\csd2015\java-ws\lab2_sol"/>
    <property name="java.endorsed.dirs" value="C:\csd2015\bin\jdk1.7.0_51\jre\lib\endorsed"/>
    <property name="os.arch" value="amd64"/>
    <property name="surefire.real.class.path" value="C:\csd2015\java-ws\lab2_sol\target\surefire\surefirebooter3127737051138532643.jar"/>
    <property name="java.io.tmpdir" value="C:\Users\KTRANB~1.000\AppData\Local\Temp\"/>
    <property name="line.separator" value="
"/>
    <property name="java.vm.specification.vendor" value="Oracle Corporation"/>
    <property name="user.variant" value=""/>
    <property name="os.name" value="Windows 8"/>
    <property name="sun.jnu.encoding" value="Cp1252"/>
    <property name="java.library.path" value="C:\csd2015\bin\jdk1.7.0_51\jre\bin;C:\WINDOWS\Sun\Java\bin;C:\WINDOWS\system32;C:\WINDOWS;C:\csd2015\bin\curl-7.39.0-win64\bin;C:\csd2015\bin\nodejs;C:\csd2015\bin\jdk1.7.0_51\bin;;C:\ProgramData\Oracle\Java\javapath;C:\Program Files\Haskell\bin;C:\csd\haskell\lib\extralibs\bin;C:\csd\haskell\bin;c:\csd2015\jdk1.8.0_25\bin;C:\Python34\;C:\Python34\Scripts;E:\app\ktran\product\11.2.0\client_1;E:\app\ktran\product\11.2.0\client_1\bin;C:\Program Files (x86)\AMD APP\bin\x86_64;C:\Program Files (x86)\AMD APP\bin\x86;C:\WINDOWS\system32;C:\WINDOWS;C:\WINDOWS\System32\Wbem;C:\WINDOWS\System32\WindowsPowerShell\v1.0\;C:\Program Files (x86)\ATI Technologies\ATI.ACE\Core-Static;C:\Program Files (x86)\Calibre2\;C:\Program Files\Microsoft\Web Platform Installer\;C:\Program Files (x86)\Microsoft ASP.NET\ASP.NET Web Pages\v1.0\;C:\Program Files\Microsoft SQL Server\110\Tools\Binn\;C:\Program Files (x86)\Vim\vim73;F:\svn\bin;C:\Program Files (x86)\Microsoft SQL Server\110\Tools\Binn\;C:\Program Files\Microsoft SQL Server\110\DTS\Binn\;C:\Program Files (x86)\Windows Kits\8.1\Windows Performance Toolkit\;C:\Program Files (x86)\MySQL\MySQL Utilities 1.3.6\;C:\HashiCorp\Vagrant\bin;C:\csd\haskell\mingw\bin;C:\csd\nodejs\;C:\Program Files (x86)\AMD\ATI.ACE\Core-Static;C:\Users\ktran.BEMINC.000\AppData\Roaming\cabal\bin;C:\Ruby193\bin;f:\dev\training\git\bin;c:\phantomjs-1.9.7;C:\Users\ktran.BEMINC.000\AppData\Roaming\npm;C:\csd2015\bin\eclipse-luna-64;C:\csd2015\bin\sonar-runner-2.3\bin;C:\csd2015\bin\sonar-runner-2.3\bin;C:\csd2015\bin\apache-maven-3.0.3\bin;C:\csd2015\bin\apache-tomcat-8.0.15\bin;C:\csd2015\bin\mongodb\bin;."/>
    <property name="surefire.test.class.path" value="C:\csd2015\java-ws\lab2_sol\target\test-classes;C:\csd2015\java-ws\lab2_sol\target\classes;C:\Users\ktran.BEMINC.000\.m2\repository\junit\junit\4.11\junit-4.11.jar;C:\Users\ktran.BEMINC.000\.m2\repository\org\hamcrest\hamcrest-core\1.3\hamcrest-core-1.3.jar;"/>
    <property name="java.specification.name" value="Java Platform API Specification"/>
    <property name="java.class.version" value="51.0"/>
    <property name="sun.management.compiler" value="HotSpot 64-Bit Tiered Compilers"/>
    <property name="os.version" value="6.2"/>
    <property name="user.home" value="C:\Users\ktran.BEMINC.000"/>
    <property name="user.timezone" value=""/>
    <property name="java.awt.printerjob" value="sun.awt.windows.WPrinterJob"/>
    <property name="java.specification.version" value="1.7"/>
    <property name="file.encoding" value="Cp1252"/>
    <property name="user.name" value="ktran"/>
    <property name="java.class.path" value="C:\csd2015\java-ws\lab2_sol\target\test-classes;C:\csd2015\java-ws\lab2_sol\target\classes;C:\Users\ktran.BEMINC.000\.m2\repository\junit\junit\4.11\junit-4.11.jar;C:\Users\ktran.BEMINC.000\.m2\repository\org\hamcrest\hamcrest-core\1.3\hamcrest-core-1.3.jar;"/>
    <property name="java.vm.specification.version" value="1.7"/>
    <property name="sun.arch.data.model" value="64"/>
    <property name="java.home" value="C:\csd2015\bin\jdk1.7.0_51\jre"/>
    <property name="sun.java.command" value="C:\csd2015\java-ws\lab2_sol\target\surefire\surefirebooter3127737051138532643.jar C:\csd2015\java-ws\lab2_sol\target\surefire\surefire4665907090635501040tmp C:\csd2015\java-ws\lab2_sol\target\surefire\surefire4923794193781542700tmp"/>
    <property name="java.specification.vendor" value="Oracle Corporation"/>
    <property name="user.language" value="en"/>
    <property name="awt.toolkit" value="sun.awt.windows.WToolkit"/>
    <property name="java.vm.info" value="mixed mode"/>
    <property name="java.version" value="1.7.0_51"/>
    <property name="java.ext.dirs" value="C:\csd2015\bin\jdk1.7.0_51\jre\lib\ext;C:\WINDOWS\Sun\Java\lib\ext"/>
    <property name="sun.boot.class.path" value="C:\csd2015\bin\jdk1.7.0_51\jre\lib\resources.jar;C:\csd2015\bin\jdk1.7.0_51\jre\lib\rt.jar;C:\csd2015\bin\jdk1.7.0_51\jre\lib\sunrsasign.jar;C:\csd2015\bin\jdk1.7.0_51\jre\lib\jsse.jar;C:\csd2015\bin\jdk1.7.0_51\jre\lib\jce.jar;C:\csd2015\bin\jdk1.7.0_51\jre\lib\charsets.jar;C:\csd2015\bin\jdk1.7.0_51\jre\lib\jfr.jar;C:\csd2015\bin\jdk1.7.0_51\jre\classes"/>
    <property name="java.vendor" value="Oracle Corporation"/>
    <property name="localRepository" value="C:\Users\ktran.BEMINC.000\.m2\repository"/>
    <property name="file.separator" value="\"/>
    <property name="java.vendor.url.bug" value="http://bugreport.sun.com/bugreport/"/>
    <property name="sun.cpu.endian" value="little"/>
    <property name="sun.io.unicode.encoding" value="UnicodeLittle"/>
    <property name="sun.desktop" value="windows"/>
    <property name="sun.cpu.isalist" value="amd64"/>
  </properties>
  <testcase time="0" classname="com.bemach.labguide.lab2.MultipleOfThreeAndFiveUseParameterizedTest" name="shouldCreateAnObject[0]"/>
  <testcase time="0.001" classname="com.bemach.labguide.lab2.MultipleOfThreeAndFiveUseParameterizedTest" name="shouldValidateForMultipleOfThreeOrFive[0]"/>
  <testcase time="0.001" classname="com.bemach.labguide.lab2.MultipleOfThreeAndFiveUseParameterizedTest" name="shouldCreateAnObject[1]"/>
  <testcase time="0.001" classname="com.bemach.labguide.lab2.MultipleOfThreeAndFiveUseParameterizedTest" name="shouldValidateForMultipleOfThreeOrFive[1]"/>
  <testcase time="0.001" classname="com.bemach.labguide.lab2.MultipleOfThreeAndFiveUseParameterizedTest" name="shouldCreateAnObject[2]"/>
  <testcase time="0" classname="com.bemach.labguide.lab2.MultipleOfThreeAndFiveUseParameterizedTest" name="shouldValidateForMultipleOfThreeOrFive[2]"/>
  <testcase time="0.001" classname="com.bemach.labguide.lab2.MultipleOfThreeAndFiveUseParameterizedTest" name="shouldCreateAnObject[3]"/>
  <testcase time="0" classname="com.bemach.labguide.lab2.MultipleOfThreeAndFiveUseParameterizedTest" name="shouldValidateForMultipleOfThreeOrFive[3]"/>
  <testcase time="0.001" classname="com.bemach.labguide.lab2.MultipleOfThreeAndFiveUseParameterizedTest" name="shouldCreateAnObject[4]"/>
  <testcase time="0" classname="com.bemach.labguide.lab2.MultipleOfThreeAndFiveUseParameterizedTest" name="shouldValidateForMultipleOfThreeOrFive[4]"/>
</testsuite>